[debug] [2024-08-05T20:14:32.873Z] ----------------------------------------------------------------------
[debug] [2024-08-05T20:14:32.886Z] Command:       /usr/bin/node-20 /usr/local/bin/firebase serve
[debug] [2024-08-05T20:14:32.888Z] CLI Version:   13.15.0
[debug] [2024-08-05T20:14:32.889Z] Platform:      linux
[debug] [2024-08-05T20:14:32.889Z] Node Version:  v20.12.2
[debug] [2024-08-05T20:14:32.890Z] Time:          Mon Aug 05 2024 17:14:32 GMT-0300 (Horário Padrão de Brasília)
[debug] [2024-08-05T20:14:32.890Z] ----------------------------------------------------------------------
[debug] 
[debug] [2024-08-05T20:14:33.132Z] > command requires scopes: ["email","openid","https://www.googleapis.com/auth/cloudplatformprojects.readonly","https://www.googleapis.com/auth/firebase","https://www.googleapis.com/auth/cloud-platform"]
[debug] [2024-08-05T20:14:33.133Z] > authorizing via signed-in user (marianapinheiro998@gmail.com)
[debug] [2024-08-05T20:14:33.134Z] [iam] checking project projeto-emoji-b1b1a for permissions ["firebase.projects.get"]
[debug] [2024-08-05T20:14:33.137Z] >>> [apiv2][query] POST https://cloudresourcemanager.googleapis.com/v1/projects/projeto-emoji-b1b1a:testIamPermissions [none]
[debug] [2024-08-05T20:14:33.137Z] >>> [apiv2][(partial)header] POST https://cloudresourcemanager.googleapis.com/v1/projects/projeto-emoji-b1b1a:testIamPermissions x-goog-quota-user=projects/projeto-emoji-b1b1a
[debug] [2024-08-05T20:14:33.137Z] >>> [apiv2][body] POST https://cloudresourcemanager.googleapis.com/v1/projects/projeto-emoji-b1b1a:testIamPermissions {"permissions":["firebase.projects.get"]}
[debug] [2024-08-05T20:14:33.983Z] <<< [apiv2][status] POST https://cloudresourcemanager.googleapis.com/v1/projects/projeto-emoji-b1b1a:testIamPermissions 200
[debug] [2024-08-05T20:14:33.983Z] <<< [apiv2][body] POST https://cloudresourcemanager.googleapis.com/v1/projects/projeto-emoji-b1b1a:testIamPermissions {"permissions":["firebase.projects.get"]}
[debug] [2024-08-05T20:14:33.984Z] >>> [apiv2][query] GET https://firebase.googleapis.com/v1beta1/projects/projeto-emoji-b1b1a [none]
[debug] [2024-08-05T20:14:34.369Z] <<< [apiv2][status] GET https://firebase.googleapis.com/v1beta1/projects/projeto-emoji-b1b1a 200
[debug] [2024-08-05T20:14:34.369Z] <<< [apiv2][body] GET https://firebase.googleapis.com/v1beta1/projects/projeto-emoji-b1b1a {"projectId":"projeto-emoji-b1b1a","projectNumber":"339636191204","displayName":"projeto emoji","name":"projects/projeto-emoji-b1b1a","resources":{"hostingSite":"projeto-emoji-b1b1a"},"state":"ACTIVE","etag":"1_4f3b7caa-d0e3-413b-8228-7e4789a1238c"}
[info] 
[info] === Serving from '/home/marianapinheirocarvalho/Área de trabalho/repositorio/emoji-search'...
[info] 
[debug] [2024-08-05T20:14:34.387Z] >>> [apiv2][query] GET https://firebasehosting.googleapis.com/v1beta1/projects/projeto-emoji-b1b1a/sites 
[debug] [2024-08-05T20:14:35.800Z] <<< [apiv2][status] GET https://firebasehosting.googleapis.com/v1beta1/projects/projeto-emoji-b1b1a/sites 200
[debug] [2024-08-05T20:14:35.802Z] <<< [apiv2][body] GET https://firebasehosting.googleapis.com/v1beta1/projects/projeto-emoji-b1b1a/sites {"sites":[{"name":"projects/projeto-emoji-b1b1a/sites/projeto-emoji-b1b1a","defaultUrl":"https://projeto-emoji-b1b1a.web.app","appId":"1:339636191204:web:0d23475745bdbaa72811f1","type":"DEFAULT_SITE"}]}
[debug] [2024-08-05T20:14:35.802Z] >>> [apiv2][query] GET https://firebase.googleapis.com/v1beta1/projects/projeto-emoji-b1b1a/webApps/1:339636191204:web:0d23475745bdbaa72811f1/config [none]
[debug] [2024-08-05T20:14:36.675Z] <<< [apiv2][status] GET https://firebase.googleapis.com/v1beta1/projects/projeto-emoji-b1b1a/webApps/1:339636191204:web:0d23475745bdbaa72811f1/config 200
[debug] [2024-08-05T20:14:36.675Z] <<< [apiv2][body] GET https://firebase.googleapis.com/v1beta1/projects/projeto-emoji-b1b1a/webApps/1:339636191204:web:0d23475745bdbaa72811f1/config {"projectId":"projeto-emoji-b1b1a","appId":"1:339636191204:web:0d23475745bdbaa72811f1","storageBucket":"projeto-emoji-b1b1a.appspot.com","apiKey":"AIzaSyBDzABIOQzf985_8K60RJgE5EkCgPVa2_I","authDomain":"projeto-emoji-b1b1a.firebaseapp.com","messagingSenderId":"339636191204"}
[debug] [2024-08-05T20:14:36.684Z] >>> [apiv2][query] GET https://firebase.googleapis.com/v1beta1/projects/projeto-emoji-b1b1a [none]
[debug] [2024-08-05T20:14:36.957Z] <<< [apiv2][status] GET https://firebase.googleapis.com/v1beta1/projects/projeto-emoji-b1b1a 200
[debug] [2024-08-05T20:14:36.958Z] <<< [apiv2][body] GET https://firebase.googleapis.com/v1beta1/projects/projeto-emoji-b1b1a {"projectId":"projeto-emoji-b1b1a","projectNumber":"339636191204","displayName":"projeto emoji","name":"projects/projeto-emoji-b1b1a","resources":{"hostingSite":"projeto-emoji-b1b1a"},"state":"ACTIVE","etag":"1_4f3b7caa-d0e3-413b-8228-7e4789a1238c"}
[info] i  hosting[projeto-emoji-b1b1a]: Serving hosting files from: build {"metadata":{"emulator":{"name":"hosting"},"message":"Serving hosting files from: \u001b[1mbuild\u001b[22m"}}
[info] ✔  hosting[projeto-emoji-b1b1a]: Local server: http://localhost:5000 {"metadata":{"emulator":{"name":"hosting"},"message":"Local server: \u001b[4m\u001b[1mhttp://localhost:5000\u001b[22m\u001b[24m"}}
